<?xml version="1.0" encoding="UTF-8"?>
<!-- Generated by org.testng.reporters.JUnitXMLReporter -->
<testsuite ignored="2" hostname="MONTY-MI" failures="0" tests="1" name="Default test" time="8.785" errors="0" timestamp="2023-04-02T20:44:13 CEST">
  <testcase classname="com.qa.testcases.DemoTest" name="VerifyProjectsTest" time="7.148"/>
  <testcase classname="com.qa.testcases.DemoTest" name="VerifyHomePageTest" time="0.0">
    <ignored/>
  </testcase> <!-- VerifyHomePageTest -->
  <testcase classname="com.qa.testcases.DemoTest" name="VerifyLoginTest" time="0.0">
    <ignored/>
  </testcase> <!-- VerifyLoginTest -->
</testsuite> <!-- Default test -->
