<?xml version="1.0" encoding="UTF-8"?>
<testng-results ignored="0" total="2" passed="2" failed="0" skipped="0">
  <reporter-output>
  </reporter-output>
  <suite started-at="2023-04-02T14:01:38 CEST" name="Command line suite" finished-at="2023-04-02T14:01:52 CEST" duration-ms="13894">
    <groups>
    </groups>
    <test started-at="2023-04-02T14:01:38 CEST" name="Command line test" finished-at="2023-04-02T14:01:52 CEST" duration-ms="13894">
      <class name="com.qa.testcases.DemoTest">
        <test-method is-config="true" signature="setup()[pri:0, instance:com.qa.testcases.DemoTest@37883b97]" started-at="2023-04-02T14:01:38 CEST" name="setup" finished-at="2023-04-02T14:01:38 CEST" duration-ms="20" status="PASS">
          <reporter-output>
          </reporter-output>
        </test-method> <!-- setup -->
        <test-method is-config="true" signature="setUp()[pri:0, instance:com.qa.testcases.DemoTest@37883b97]" started-at="2023-04-02T14:01:38 CEST" name="setUp" finished-at="2023-04-02T14:01:40 CEST" duration-ms="1596" status="PASS">
          <reporter-output>
          </reporter-output>
        </test-method> <!-- setUp -->
        <test-method signature="VerifyHomePageTest()[pri:0, instance:com.qa.testcases.DemoTest@37883b97]" started-at="2023-04-02T14:01:40 CEST" name="VerifyHomePageTest" finished-at="2023-04-02T14:01:40 CEST" duration-ms="17" status="PASS">
          <reporter-output>
          </reporter-output>
        </test-method> <!-- VerifyHomePageTest -->
        <test-method is-config="true" signature="teardown()[pri:0, instance:com.qa.testcases.DemoTest@37883b97]" started-at="2023-04-02T14:01:40 CEST" name="teardown" finished-at="2023-04-02T14:01:40 CEST" duration-ms="256" status="PASS">
          <reporter-output>
          </reporter-output>
        </test-method> <!-- teardown -->
        <test-method is-config="true" signature="setUp()[pri:0, instance:com.qa.testcases.DemoTest@37883b97]" started-at="2023-04-02T14:01:40 CEST" name="setUp" finished-at="2023-04-02T14:01:41 CEST" duration-ms="863" status="PASS">
          <reporter-output>
          </reporter-output>
        </test-method> <!-- setUp -->
        <test-method signature="VerifyLoginTest()[pri:0, instance:com.qa.testcases.DemoTest@37883b97]" started-at="2023-04-02T14:01:41 CEST" name="VerifyLoginTest" finished-at="2023-04-02T14:01:52 CEST" duration-ms="10870" status="PASS">
          <reporter-output>
          </reporter-output>
        </test-method> <!-- VerifyLoginTest -->
        <test-method is-config="true" signature="teardown()[pri:0, instance:com.qa.testcases.DemoTest@37883b97]" started-at="2023-04-02T14:01:52 CEST" name="teardown" finished-at="2023-04-02T14:01:52 CEST" duration-ms="251" status="PASS">
          <reporter-output>
          </reporter-output>
        </test-method> <!-- teardown -->
      </class> <!-- com.qa.testcases.DemoTest -->
    </test> <!-- Command line test -->
  </suite> <!-- Command line suite -->
</testng-results>
