<?xml version="1.0" encoding="UTF-8"?>
<testng-results ignored="2" total="3" passed="1" failed="0" skipped="0">
  <reporter-output>
  </reporter-output>
  <suite started-at="2023-04-02T20:44:05 CEST" name="Default suite" finished-at="2023-04-02T20:44:13 CEST" duration-ms="8785">
    <groups>
    </groups>
    <test started-at="2023-04-02T20:44:05 CEST" name="Default test" finished-at="2023-04-02T20:44:13 CEST" duration-ms="8785">
      <class name="com.qa.testcases.DemoTest">
        <test-method is-config="true" signature="setup()[pri:0, instance:com.qa.testcases.DemoTest@7526515b]" started-at="2023-04-02T20:44:05 CEST" name="setup" finished-at="2023-04-02T20:44:05 CEST" duration-ms="11" status="PASS">
          <reporter-output>
          </reporter-output>
        </test-method> <!-- setup -->
        <test-method is-config="true" signature="setUp()[pri:0, instance:com.qa.testcases.DemoTest@7526515b]" started-at="2023-04-02T20:44:05 CEST" name="setUp" finished-at="2023-04-02T20:44:06 CEST" duration-ms="1391" status="PASS">
          <reporter-output>
          </reporter-output>
        </test-method> <!-- setUp -->
        <test-method signature="VerifyProjectsTest()[pri:0, instance:com.qa.testcases.DemoTest@7526515b]" started-at="2023-04-02T20:44:06 CEST" name="VerifyProjectsTest" finished-at="2023-04-02T20:44:13 CEST" duration-ms="7148" status="PASS">
          <reporter-output>
          </reporter-output>
        </test-method> <!-- VerifyProjectsTest -->
        <test-method is-config="true" signature="teardown()[pri:0, instance:com.qa.testcases.DemoTest@7526515b]" started-at="2023-04-02T20:44:13 CEST" name="teardown" finished-at="2023-04-02T20:44:13 CEST" duration-ms="203" status="PASS">
          <reporter-output>
          </reporter-output>
        </test-method> <!-- teardown -->
      </class> <!-- com.qa.testcases.DemoTest -->
    </test> <!-- Default test -->
  </suite> <!-- Default suite -->
</testng-results>
