<?xml version="1.0" encoding="UTF-8"?>
<testng-results ignored="0" total="1" passed="1" failed="0" skipped="0">
  <reporter-output>
  </reporter-output>
  <suite started-at="2023-04-04T14:43:21 CEST" name="Default suite" finished-at="2023-04-04T14:43:26 CEST" duration-ms="4298">
    <groups>
    </groups>
    <test started-at="2023-04-04T14:43:21 CEST" name="Default test" finished-at="2023-04-04T14:43:26 CEST" duration-ms="4298">
      <class name="com.qa.testcases.ContentSquareTest">
        <test-method is-config="true" signature="setup()[pri:0, instance:com.qa.testcases.ContentSquareTest@26d9b808]" started-at="2023-04-04T14:43:22 CEST" name="setup" finished-at="2023-04-04T14:43:22 CEST" duration-ms="22" status="PASS">
          <reporter-output>
          </reporter-output>
        </test-method> <!-- setup -->
        <test-method is-config="true" signature="setUp()[pri:0, instance:com.qa.testcases.ContentSquareTest@26d9b808]" started-at="2023-04-04T14:43:22 CEST" name="setUp" finished-at="2023-04-04T14:43:24 CEST" duration-ms="2147" status="PASS">
          <reporter-output>
          </reporter-output>
        </test-method> <!-- setUp -->
        <test-method signature="VerifyUiAndApiData()[pri:0, instance:com.qa.testcases.ContentSquareTest@26d9b808]" started-at="2023-04-04T14:43:24 CEST" name="VerifyUiAndApiData" finished-at="2023-04-04T14:43:25 CEST" duration-ms="1699" status="PASS">
          <reporter-output>
          </reporter-output>
        </test-method> <!-- VerifyUiAndApiData -->
        <test-method is-config="true" signature="teardown()[pri:0, instance:com.qa.testcases.ContentSquareTest@26d9b808]" started-at="2023-04-04T14:43:25 CEST" name="teardown" finished-at="2023-04-04T14:43:26 CEST" duration-ms="395" status="PASS">
          <reporter-output>
          </reporter-output>
        </test-method> <!-- teardown -->
      </class> <!-- com.qa.testcases.ContentSquareTest -->
    </test> <!-- Default test -->
  </suite> <!-- Default suite -->
</testng-results>
